Сборка начата 06.07.2015 10:38:27.
     1>Проект "E:\Proj\MSVS10_OpenCV\test2\OpenCV_Hello_World\OpenCV_Hello_World\OpenCV_Hello_World.vcxproj" в узле 2 (целевые объекты build).
     1>InitializeBuildStatus:
         Обращение к "Debug\OpenCV_Hello_World.unsuccessfulbuild".
       ClCompile:
         Для всех выходных данных обновления не требуется.
         C:\Program Files (x86)\Microsoft Visual Studio 10.0\VC\bin\CL.exe /c /ZI /nologo /W3 /WX- /Od /Oy- /D WIN32 /D _DEBUG /D _CONSOLE /D _UNICODE /D UNICODE /Gm /EHsc /RTC1 /MDd /GS /fp:precise /Zc:wchar_t /Zc:forScope /Yu"StdAfx.h" /Fp"Debug\OpenCV_Hello_World.pch" /Fo"Debug\\" /Fd"Debug\vc100.pdb" /Gd /TP /analyze- /errorReport:prompt OpenCV_Hello_World.cpp
         OpenCV_Hello_World.cpp
     1>e:\proj\msvs10_opencv\test2\opencv_hello_world\opencv_hello_world\myfunctions_h.h(3): error C2143: синтаксическая ошибка: отсутствие ";" перед "*"
     1>e:\proj\msvs10_opencv\test2\opencv_hello_world\opencv_hello_world\myfunctions_h.h(3): error C4430: отсутствует спецификатор типа - предполагается int. Примечание. C++ не поддерживает int по умолчанию
     1>e:\proj\msvs10_opencv\test2\opencv_hello_world\opencv_hello_world\myfunctions_h.h(3): error C2065: image: необъявленный идентификатор
     1>e:\proj\msvs10_opencv\test2\opencv_hello_world\opencv_hello_world\myfunctions_h.h(3): error C4430: отсутствует спецификатор типа - предполагается int. Примечание. C++ не поддерживает int по умолчанию
     1>e:\proj\msvs10_opencv\test2\opencv_hello_world\opencv_hello_world\myfunctions_h.h(3): fatal error C1903: не удается восстановить после предыдущих ошибок; остановка компиляции
     1>Построение проекта "E:\Proj\MSVS10_OpenCV\test2\OpenCV_Hello_World\OpenCV_Hello_World\OpenCV_Hello_World.vcxproj" завершено (целевые объекты build) с ошибкой.

СБОЙ построения.

Затраченное время: 00:00:00.09
